0 info it worked if it ends with ok
1 verbose cli [ '/usr/local/bin/node',
1 verbose cli   '/usr/local/bin/npm',
1 verbose cli   'install',
1 verbose cli   'bcrypt',
1 verbose cli   '--save' ]
2 info using npm@2.14.12
3 info using node@v4.2.4
4 verbose install initial load of /Users/0133233/node/homebase/package.json
5 warn package.json homebase@1.0.0 No README data
6 verbose installManyTop reading scoped package data from /Users/0133233/node/homebase/node_modules/body-parser/package.json
7 verbose installManyTop reading scoped package data from /Users/0133233/node/homebase/node_modules/express/package.json
8 verbose installManyTop reading scoped package data from /Users/0133233/node/homebase/node_modules/http/package.json
9 verbose installManyTop reading scoped package data from /Users/0133233/node/homebase/node_modules/moment/package.json
10 verbose installManyTop reading scoped package data from /Users/0133233/node/homebase/node_modules/mysql/package.json
11 verbose installManyTop reading scoped package data from /Users/0133233/node/homebase/node_modules/request/package.json
12 verbose installManyTop reading scoped package data from /Users/0133233/node/homebase/node_modules/sequelize/package.json
13 verbose installManyTop reading scoped package data from /Users/0133233/node/homebase/node_modules/socket.io/package.json
14 verbose installManyTop reading scoped package data from /Users/0133233/node/homebase/node_modules/underscore/package.json
15 info package.json http@0.0.0 http is also the name of a node core module.
16 info package.json http@0.0.0 No description
17 info package.json http@0.0.0 No repository field.
18 verbose readDependencies loading dependencies from /Users/0133233/node/homebase/package.json
19 silly cache add args [ 'bcrypt', null ]
20 verbose cache add spec bcrypt
21 silly cache add parsed spec Result {
21 silly cache add   raw: 'bcrypt',
21 silly cache add   scope: null,
21 silly cache add   name: 'bcrypt',
21 silly cache add   rawSpec: '',
21 silly cache add   spec: 'latest',
21 silly cache add   type: 'tag' }
22 silly addNamed bcrypt@latest
23 verbose addNamed "latest" is being treated as a dist-tag for bcrypt
24 info addNameTag [ 'bcrypt', 'latest' ]
25 silly mapToRegistry name bcrypt
26 silly mapToRegistry using default registry
27 silly mapToRegistry registry https://registry.npmjs.org/
28 silly mapToRegistry uri https://registry.npmjs.org/bcrypt
29 verbose addNameTag registry:https://registry.npmjs.org/bcrypt not in flight; fetching
30 verbose request uri https://registry.npmjs.org/bcrypt
31 verbose request no auth needed
32 info attempt registry request try #1 at 9:19:13 PM
33 verbose request id 5d046f12c86aa3ea
34 verbose etag W/"583e9edd-142b1"
35 verbose lastModified Wed, 30 Nov 2016 09:41:49 GMT
36 http request GET https://registry.npmjs.org/bcrypt
37 http 304 https://registry.npmjs.org/bcrypt
38 verbose headers { date: 'Fri, 02 Dec 2016 03:19:14 GMT',
38 verbose headers   via: '1.1 varnish',
38 verbose headers   'cache-control': 'max-age=300',
38 verbose headers   etag: 'W/"583e9edd-142b1"',
38 verbose headers   age: '114',
38 verbose headers   connection: 'keep-alive',
38 verbose headers   'x-served-by': 'cache-ord1729-ORD',
38 verbose headers   'x-cache': 'HIT',
38 verbose headers   'x-cache-hits': '1',
38 verbose headers   'x-timer': 'S1480648754.060190,VS0,VE0',
38 verbose headers   vary: 'Accept-Encoding' }
39 silly get cb [ 304,
39 silly get   { date: 'Fri, 02 Dec 2016 03:19:14 GMT',
39 silly get     via: '1.1 varnish',
39 silly get     'cache-control': 'max-age=300',
39 silly get     etag: 'W/"583e9edd-142b1"',
39 silly get     age: '114',
39 silly get     connection: 'keep-alive',
39 silly get     'x-served-by': 'cache-ord1729-ORD',
39 silly get     'x-cache': 'HIT',
39 silly get     'x-cache-hits': '1',
39 silly get     'x-timer': 'S1480648754.060190,VS0,VE0',
39 silly get     vary: 'Accept-Encoding' } ]
40 verbose etag https://registry.npmjs.org/bcrypt from cache
41 verbose get saving bcrypt to /Users/0133233/.npm/registry.npmjs.org/bcrypt/.cache.json
42 silly addNameTag next cb for bcrypt with tag latest
43 silly addNamed bcrypt@0.8.7
44 verbose addNamed "0.8.7" is a plain semver version for bcrypt
45 silly cache afterAdd bcrypt@0.8.7
46 verbose afterAdd /Users/0133233/.npm/bcrypt/0.8.7/package/package.json not in flight; writing
47 verbose afterAdd /Users/0133233/.npm/bcrypt/0.8.7/package/package.json written
48 silly install resolved [ { name: 'bcrypt',
48 silly install resolved     description: 'A bcrypt library for NodeJS.',
48 silly install resolved     keywords:
48 silly install resolved      [ 'bcrypt',
48 silly install resolved        'password',
48 silly install resolved        'auth',
48 silly install resolved        'authentication',
48 silly install resolved        'encryption',
48 silly install resolved        'crypt',
48 silly install resolved        'crypto' ],
48 silly install resolved     main: './bcrypt',
48 silly install resolved     version: '0.8.7',
48 silly install resolved     author: { name: 'Nick Campbell', url: 'https://github.com/ncb000gt' },
48 silly install resolved     engines: { node: '>= 0.6.0' },
48 silly install resolved     repository:
48 silly install resolved      { type: 'git',
48 silly install resolved        url: 'git+https://github.com/ncb000gt/node.bcrypt.js.git' },
48 silly install resolved     license: 'MIT',
48 silly install resolved     bugs: { url: 'https://github.com/ncb000gt/node.bcrypt.js/issues' },
48 silly install resolved     scripts:
48 silly install resolved      { test: 'node-gyp configure build && nodeunit test',
48 silly install resolved        install: 'node-gyp rebuild' },
48 silly install resolved     dependencies: { bindings: '1.2.1', nan: '2.3.5' },
48 silly install resolved     devDependencies: { nodeunit: '~0.9.1' },
48 silly install resolved     contributors:
48 silly install resolved      [ [Object],
48 silly install resolved        [Object],
48 silly install resolved        [Object],
48 silly install resolved        [Object],
48 silly install resolved        [Object],
48 silly install resolved        [Object],
48 silly install resolved        [Object],
48 silly install resolved        [Object],
48 silly install resolved        [Object],
48 silly install resolved        [Object],
48 silly install resolved        [Object],
48 silly install resolved        [Object],
48 silly install resolved        [Object],
48 silly install resolved        [Object] ],
48 silly install resolved     gypfile: true,
48 silly install resolved     gitHead: '0dc9b78dab6980d129b77d1df723aa44daa7deb4',
48 silly install resolved     homepage: 'https://github.com/ncb000gt/node.bcrypt.js#readme',
48 silly install resolved     _id: 'bcrypt@0.8.7',
48 silly install resolved     _shasum: 'bc3875a9afd0a7b2cd231a6a7f218a5ce156b093',
48 silly install resolved     _from: 'bcrypt@latest',
48 silly install resolved     _npmVersion: '3.8.9',
48 silly install resolved     _nodeVersion: '6.2.0',
48 silly install resolved     _npmUser: { name: 'defunctzombie', email: 'shtylman@gmail.com' },
48 silly install resolved     dist:
48 silly install resolved      { shasum: 'bc3875a9afd0a7b2cd231a6a7f218a5ce156b093',
48 silly install resolved        tarball: 'https://registry.npmjs.org/bcrypt/-/bcrypt-0.8.7.tgz' },
48 silly install resolved     maintainers: [ [Object], [Object], [Object], [Object] ],
48 silly install resolved     _npmOperationalInternal:
48 silly install resolved      { host: 'packages-12-west.internal.npmjs.com',
48 silly install resolved        tmp: 'tmp/bcrypt-0.8.7.tgz_1465526713712_0.05265477881766856' },
48 silly install resolved     directories: {},
48 silly install resolved     _resolved: 'https://registry.npmjs.org/bcrypt/-/bcrypt-0.8.7.tgz',
48 silly install resolved     readme: 'ERROR: No README data found!' } ]
49 info install bcrypt@0.8.7 into /Users/0133233/node/homebase
50 info installOne bcrypt@0.8.7
51 verbose installOne of bcrypt to /Users/0133233/node/homebase not in flight; installing
52 verbose lock using /Users/0133233/.npm/_locks/bcrypt-097b685e8b2e9b35.lock for /Users/0133233/node/homebase/node_modules/bcrypt
53 silly install write writing bcrypt 0.8.7 to /Users/0133233/node/homebase/node_modules/bcrypt
54 verbose unbuild node_modules/bcrypt
55 silly gentlyRm /Users/0133233/node/homebase/node_modules/bcrypt is being purged from base /Users/0133233/node/homebase
56 verbose gentlyRm don't care about contents; nuking /Users/0133233/node/homebase/node_modules/bcrypt
57 verbose tar unpack /Users/0133233/.npm/bcrypt/0.8.7/package.tgz
58 verbose tar unpacking to /Users/0133233/node/homebase/node_modules/bcrypt
59 silly gentlyRm /Users/0133233/node/homebase/node_modules/bcrypt is being purged
60 verbose gentlyRm don't care about contents; nuking /Users/0133233/node/homebase/node_modules/bcrypt
61 silly gunzTarPerm modes [ '755', '644' ]
62 silly gunzTarPerm extractEntry package.json
63 silly gunzTarPerm extractEntry .npmignore
64 silly gunzTarPerm extractEntry README.md
65 silly gunzTarPerm extractEntry LICENSE
66 silly gunzTarPerm extractEntry bcrypt.js
67 silly gunzTarPerm extractEntry Makefile
68 silly gunzTarPerm extractEntry .travis.yml
69 silly gunzTarPerm extractEntry CHANGELOG.md
70 silly gunzTarPerm extractEntry binding.gyp
71 silly gunzTarPerm extractEntry examples/async_compare.js
72 silly gunzTarPerm extractEntry examples/forever_gen_salt.js
73 silly gunzTarPerm extractEntry test/async.js
74 silly gunzTarPerm extractEntry test/repetitions.js
75 silly gunzTarPerm extractEntry test/sync.js
76 silly gunzTarPerm extractEntry ISSUE_TEMPLATE.md
77 silly gunzTarPerm extractEntry src/bcrypt.cc
78 silly gunzTarPerm extractEntry src/bcrypt_node.cc
79 silly gunzTarPerm extractEntry src/blowfish.cc
80 silly gunzTarPerm extractEntry src/node_blf.h
81 silly gunzTarPerm extractEntry werker.yml
82 verbose write writing to /Users/0133233/node/homebase/node_modules/bcrypt/package.json
83 info preinstall bcrypt@0.8.7
84 verbose readDependencies loading dependencies from /Users/0133233/node/homebase/node_modules/bcrypt/package.json
85 silly prepareForInstallMany adding bindings@1.2.1 from bcrypt dependencies
86 silly prepareForInstallMany adding nan@2.3.5 from bcrypt dependencies
87 verbose readDependencies loading dependencies from /Users/0133233/node/homebase/node_modules/bcrypt/package.json
88 silly cache add args [ 'nan@2.3.5', null ]
89 verbose cache add spec nan@2.3.5
90 silly cache add parsed spec Result {
90 silly cache add   raw: 'nan@2.3.5',
90 silly cache add   scope: null,
90 silly cache add   name: 'nan',
90 silly cache add   rawSpec: '2.3.5',
90 silly cache add   spec: '2.3.5',
90 silly cache add   type: 'version' }
91 silly addNamed nan@2.3.5
92 verbose addNamed "2.3.5" is a plain semver version for nan
93 silly mapToRegistry name nan
94 silly mapToRegistry using default registry
95 silly mapToRegistry registry https://registry.npmjs.org/
96 silly mapToRegistry uri https://registry.npmjs.org/nan
97 verbose addNameVersion registry:https://registry.npmjs.org/nan not in flight; fetching
98 silly cache add args [ 'bindings@1.2.1', null ]
99 verbose cache add spec bindings@1.2.1
100 silly cache add parsed spec Result {
100 silly cache add   raw: 'bindings@1.2.1',
100 silly cache add   scope: null,
100 silly cache add   name: 'bindings',
100 silly cache add   rawSpec: '1.2.1',
100 silly cache add   spec: '1.2.1',
100 silly cache add   type: 'version' }
101 silly addNamed bindings@1.2.1
102 verbose addNamed "1.2.1" is a plain semver version for bindings
103 silly mapToRegistry name bindings
104 silly mapToRegistry using default registry
105 silly mapToRegistry registry https://registry.npmjs.org/
106 silly mapToRegistry uri https://registry.npmjs.org/bindings
107 verbose addNameVersion registry:https://registry.npmjs.org/bindings not in flight; fetching
108 verbose request uri https://registry.npmjs.org/bindings
109 verbose request no auth needed
110 info attempt registry request try #1 at 9:19:14 PM
111 verbose etag W/"580645d3-46f7"
112 verbose lastModified Tue, 18 Oct 2016 15:54:59 GMT
113 http request GET https://registry.npmjs.org/bindings
114 verbose request uri https://registry.npmjs.org/nan
115 verbose request no auth needed
116 info attempt registry request try #1 at 9:19:14 PM
117 verbose etag W/"5818d749-1ce1e"
118 verbose lastModified Tue, 01 Nov 2016 17:56:25 GMT
119 http request GET https://registry.npmjs.org/nan
120 http 304 https://registry.npmjs.org/bindings
121 verbose headers { date: 'Fri, 02 Dec 2016 03:19:14 GMT',
121 verbose headers   via: '1.1 varnish',
121 verbose headers   'cache-control': 'max-age=300',
121 verbose headers   etag: 'W/"580645d3-46f7"',
121 verbose headers   age: '212',
121 verbose headers   connection: 'keep-alive',
121 verbose headers   'x-served-by': 'cache-ord1728-ORD',
121 verbose headers   'x-cache': 'HIT',
121 verbose headers   'x-cache-hits': '1',
121 verbose headers   'x-timer': 'S1480648754.240899,VS0,VE0',
121 verbose headers   vary: 'Accept-Encoding' }
122 silly get cb [ 304,
122 silly get   { date: 'Fri, 02 Dec 2016 03:19:14 GMT',
122 silly get     via: '1.1 varnish',
122 silly get     'cache-control': 'max-age=300',
122 silly get     etag: 'W/"580645d3-46f7"',
122 silly get     age: '212',
122 silly get     connection: 'keep-alive',
122 silly get     'x-served-by': 'cache-ord1728-ORD',
122 silly get     'x-cache': 'HIT',
122 silly get     'x-cache-hits': '1',
122 silly get     'x-timer': 'S1480648754.240899,VS0,VE0',
122 silly get     vary: 'Accept-Encoding' } ]
123 verbose etag https://registry.npmjs.org/bindings from cache
124 verbose get saving bindings to /Users/0133233/.npm/registry.npmjs.org/bindings/.cache.json
125 http 304 https://registry.npmjs.org/nan
126 verbose headers { date: 'Fri, 02 Dec 2016 03:19:14 GMT',
126 verbose headers   via: '1.1 varnish',
126 verbose headers   'cache-control': 'max-age=300',
126 verbose headers   etag: 'W/"5818d749-1ce1e"',
126 verbose headers   age: '132',
126 verbose headers   connection: 'keep-alive',
126 verbose headers   'x-served-by': 'cache-ord1728-ORD',
126 verbose headers   'x-cache': 'HIT',
126 verbose headers   'x-cache-hits': '191',
126 verbose headers   'x-timer': 'S1480648754.245641,VS0,VE0',
126 verbose headers   vary: 'Accept-Encoding' }
127 silly get cb [ 304,
127 silly get   { date: 'Fri, 02 Dec 2016 03:19:14 GMT',
127 silly get     via: '1.1 varnish',
127 silly get     'cache-control': 'max-age=300',
127 silly get     etag: 'W/"5818d749-1ce1e"',
127 silly get     age: '132',
127 silly get     connection: 'keep-alive',
127 silly get     'x-served-by': 'cache-ord1728-ORD',
127 silly get     'x-cache': 'HIT',
127 silly get     'x-cache-hits': '191',
127 silly get     'x-timer': 'S1480648754.245641,VS0,VE0',
127 silly get     vary: 'Accept-Encoding' } ]
128 verbose etag https://registry.npmjs.org/nan from cache
129 verbose get saving nan to /Users/0133233/.npm/registry.npmjs.org/nan/.cache.json
130 silly cache afterAdd bindings@1.2.1
131 verbose afterAdd /Users/0133233/.npm/bindings/1.2.1/package/package.json not in flight; writing
132 verbose afterAdd /Users/0133233/.npm/bindings/1.2.1/package/package.json written
133 silly cache afterAdd nan@2.3.5
134 verbose afterAdd /Users/0133233/.npm/nan/2.3.5/package/package.json not in flight; writing
135 verbose afterAdd /Users/0133233/.npm/nan/2.3.5/package/package.json written
136 silly install resolved [ { name: 'bindings',
136 silly install resolved     description: 'Helper module for loading your native module\'s .node file',
136 silly install resolved     keywords: [ 'native', 'addon', 'bindings', 'gyp', 'waf', 'c', 'c++' ],
136 silly install resolved     version: '1.2.1',
136 silly install resolved     author:
136 silly install resolved      { name: 'Nathan Rajlich',
136 silly install resolved        email: 'nathan@tootallnate.net',
136 silly install resolved        url: 'http://tootallnate.net' },
136 silly install resolved     repository:
136 silly install resolved      { type: 'git',
136 silly install resolved        url: 'git://github.com/TooTallNate/node-bindings.git' },
136 silly install resolved     main: './bindings.js',
136 silly install resolved     bugs: { url: 'https://github.com/TooTallNate/node-bindings/issues' },
136 silly install resolved     homepage: 'https://github.com/TooTallNate/node-bindings',
136 silly install resolved     license: 'MIT',
136 silly install resolved     gitHead: 'e404152ee27f8478ccbc7122ee051246e8e5ec02',
136 silly install resolved     _id: 'bindings@1.2.1',
136 silly install resolved     scripts: {},
136 silly install resolved     _shasum: '14ad6113812d2d37d72e67b4cacb4bb726505f11',
136 silly install resolved     _from: 'bindings@1.2.1',
136 silly install resolved     _npmVersion: '1.4.14',
136 silly install resolved     _npmUser: { name: 'tootallnate', email: 'nathan@tootallnate.net' },
136 silly install resolved     maintainers: [ [Object], [Object] ],
136 silly install resolved     dist:
136 silly install resolved      { shasum: '14ad6113812d2d37d72e67b4cacb4bb726505f11',
136 silly install resolved        tarball: 'https://registry.npmjs.org/bindings/-/bindings-1.2.1.tgz' },
136 silly install resolved     directories: {},
136 silly install resolved     _resolved: 'https://registry.npmjs.org/bindings/-/bindings-1.2.1.tgz',
136 silly install resolved     readme: 'ERROR: No README data found!' },
136 silly install resolved   { name: 'nan',
136 silly install resolved     version: '2.3.5',
136 silly install resolved     description: 'Native Abstractions for Node.js: C++ header for Node 0.8 -> 6 compatibility',
136 silly install resolved     main: 'include_dirs.js',
136 silly install resolved     repository: { type: 'git', url: 'git://github.com/nodejs/nan.git' },
136 silly install resolved     scripts:
136 silly install resolved      { test: 'tap --gc --stderr test/js/*-test.js',
136 silly install resolved        'rebuild-tests': 'node-gyp rebuild --msvs_version=2013 --directory test',
136 silly install resolved        docs: 'doc/.build.sh' },
136 silly install resolved     contributors:
136 silly install resolved      [ [Object],
136 silly install resolved        [Object],
136 silly install resolved        [Object],
136 silly install resolved        [Object],
136 silly install resolved        [Object],
136 silly install resolved        [Object],
136 silly install resolved        [Object] ],
136 silly install resolved     devDependencies:
136 silly install resolved      { bindings: '~1.2.1',
136 silly install resolved        commander: '^2.8.1',
136 silly install resolved        glob: '^5.0.14',
136 silly install resolved        'node-gyp': '~3.0.1',
136 silly install resolved        tap: '~0.7.1',
136 silly install resolved        xtend: '~4.0.0' },
136 silly install resolved     license: 'MIT',
136 silly install resolved     bugs: { url: 'https://github.com/nodejs/nan/issues' },
136 silly install resolved     homepage: 'https://github.com/nodejs/nan#readme',
136 silly install resolved     _id: 'nan@2.3.5',
136 silly install resolved     _shasum: '822a0dc266290ce4cd3a12282ca3e7e364668a08',
136 silly install resolved     _resolved: 'https://registry.npmjs.org/nan/-/nan-2.3.5.tgz',
136 silly install resolved     _from: 'nan@2.3.5',
136 silly install resolved     _npmVersion: '3.3.6',
136 silly install resolved     _nodeVersion: '5.0.0',
136 silly install resolved     _npmUser: { name: 'kkoopa', email: 'bbyholm@abo.fi' },
136 silly install resolved     dist:
136 silly install resolved      { shasum: '822a0dc266290ce4cd3a12282ca3e7e364668a08',
136 silly install resolved        tarball: 'https://registry.npmjs.org/nan/-/nan-2.3.5.tgz' },
136 silly install resolved     maintainers: [ [Object], [Object] ],
136 silly install resolved     _npmOperationalInternal:
136 silly install resolved      { host: 'packages-12-west.internal.npmjs.com',
136 silly install resolved        tmp: 'tmp/nan-2.3.5.tgz_1464707164994_0.4295874561648816' },
136 silly install resolved     directories: {},
136 silly install resolved     readme: 'ERROR: No README data found!' } ]
137 info install bindings@1.2.1 into /Users/0133233/node/homebase/node_modules/bcrypt
138 info install nan@2.3.5 into /Users/0133233/node/homebase/node_modules/bcrypt
139 info installOne bindings@1.2.1
140 verbose installOne of bindings to /Users/0133233/node/homebase/node_modules/bcrypt not in flight; installing
141 info installOne nan@2.3.5
142 verbose installOne of nan to /Users/0133233/node/homebase/node_modules/bcrypt not in flight; installing
143 verbose lock using /Users/0133233/.npm/_locks/bindings-62fde0df160a52ef.lock for /Users/0133233/node/homebase/node_modules/bcrypt/node_modules/bindings
144 verbose lock using /Users/0133233/.npm/_locks/nan-11eb3e9d88eb44c6.lock for /Users/0133233/node/homebase/node_modules/bcrypt/node_modules/nan
145 silly install write writing bindings 1.2.1 to /Users/0133233/node/homebase/node_modules/bcrypt/node_modules/bindings
146 silly install write writing nan 2.3.5 to /Users/0133233/node/homebase/node_modules/bcrypt/node_modules/nan
147 verbose unbuild node_modules/bcrypt/node_modules/bindings
148 verbose unbuild node_modules/bcrypt/node_modules/nan
149 silly gentlyRm /Users/0133233/node/homebase/node_modules/bcrypt/node_modules/bindings is being purged from base /Users/0133233/node/homebase
150 verbose gentlyRm don't care about contents; nuking /Users/0133233/node/homebase/node_modules/bcrypt/node_modules/bindings
151 silly gentlyRm /Users/0133233/node/homebase/node_modules/bcrypt/node_modules/nan is being purged from base /Users/0133233/node/homebase
152 verbose gentlyRm don't care about contents; nuking /Users/0133233/node/homebase/node_modules/bcrypt/node_modules/nan
153 verbose tar unpack /Users/0133233/.npm/bindings/1.2.1/package.tgz
154 verbose tar unpacking to /Users/0133233/node/homebase/node_modules/bcrypt/node_modules/bindings
155 silly gentlyRm /Users/0133233/node/homebase/node_modules/bcrypt/node_modules/bindings is being purged
156 verbose gentlyRm don't care about contents; nuking /Users/0133233/node/homebase/node_modules/bcrypt/node_modules/bindings
157 verbose tar unpack /Users/0133233/.npm/nan/2.3.5/package.tgz
158 verbose tar unpacking to /Users/0133233/node/homebase/node_modules/bcrypt/node_modules/nan
159 silly gentlyRm /Users/0133233/node/homebase/node_modules/bcrypt/node_modules/nan is being purged
160 verbose gentlyRm don't care about contents; nuking /Users/0133233/node/homebase/node_modules/bcrypt/node_modules/nan
161 silly gunzTarPerm modes [ '755', '644' ]
162 silly gunzTarPerm modes [ '755', '644' ]
163 silly gunzTarPerm extractEntry package.json
164 silly gunzTarPerm extractEntry package.json
165 silly gunzTarPerm modified mode [ 'package.json', 436, 420 ]
166 silly gunzTarPerm extractEntry README.md
167 silly gunzTarPerm extractEntry bindings.js
168 silly gunzTarPerm extractEntry README.md
169 silly gunzTarPerm modified mode [ 'README.md', 436, 420 ]
170 silly gunzTarPerm extractEntry include_dirs.js
171 silly gunzTarPerm modified mode [ 'include_dirs.js', 436, 420 ]
172 silly gunzTarPerm extractEntry nan_converters.h
173 silly gunzTarPerm modified mode [ 'nan_converters.h', 436, 420 ]
174 silly gunzTarPerm extractEntry LICENSE.md
175 silly gunzTarPerm modified mode [ 'LICENSE.md', 436, 420 ]
176 silly gunzTarPerm extractEntry doc/node_misc.md
177 silly gunzTarPerm modified mode [ 'doc/node_misc.md', 436, 420 ]
178 silly gunzTarPerm extractEntry doc/asyncworker.md
179 silly gunzTarPerm modified mode [ 'doc/asyncworker.md', 436, 420 ]
180 silly gunzTarPerm extractEntry doc/callback.md
181 silly gunzTarPerm modified mode [ 'doc/callback.md', 436, 420 ]
182 silly gunzTarPerm extractEntry doc/converters.md
183 silly gunzTarPerm modified mode [ 'doc/converters.md', 436, 420 ]
184 silly gunzTarPerm extractEntry doc/errors.md
185 silly gunzTarPerm modified mode [ 'doc/errors.md', 436, 420 ]
186 silly gunzTarPerm extractEntry doc/maybe_types.md
187 silly gunzTarPerm modified mode [ 'doc/maybe_types.md', 436, 420 ]
188 verbose write writing to /Users/0133233/node/homebase/node_modules/bcrypt/node_modules/bindings/package.json
189 silly gunzTarPerm extractEntry doc/methods.md
190 silly gunzTarPerm modified mode [ 'doc/methods.md', 436, 420 ]
191 silly gunzTarPerm extractEntry doc/new.md
192 silly gunzTarPerm modified mode [ 'doc/new.md', 436, 420 ]
193 info preinstall bindings@1.2.1
194 verbose readDependencies loading dependencies from /Users/0133233/node/homebase/node_modules/bcrypt/node_modules/bindings/package.json
195 silly gunzTarPerm extractEntry doc/buffers.md
196 silly gunzTarPerm modified mode [ 'doc/buffers.md', 436, 420 ]
197 silly gunzTarPerm extractEntry doc/object_wrappers.md
198 silly gunzTarPerm modified mode [ 'doc/object_wrappers.md', 436, 420 ]
199 verbose readDependencies loading dependencies from /Users/0133233/node/homebase/node_modules/bcrypt/node_modules/bindings/package.json
200 silly install resolved []
201 verbose about to build /Users/0133233/node/homebase/node_modules/bcrypt/node_modules/bindings
202 info build /Users/0133233/node/homebase/node_modules/bcrypt/node_modules/bindings
203 info linkStuff bindings@1.2.1
204 silly linkStuff bindings@1.2.1 has /Users/0133233/node/homebase/node_modules/bcrypt/node_modules as its parent node_modules
205 silly gunzTarPerm extractEntry doc/persistent.md
206 silly gunzTarPerm modified mode [ 'doc/persistent.md', 436, 420 ]
207 silly gunzTarPerm extractEntry doc/scopes.md
208 silly gunzTarPerm modified mode [ 'doc/scopes.md', 436, 420 ]
209 verbose linkBins bindings@1.2.1
210 verbose linkMans bindings@1.2.1
211 verbose rebuildBundles bindings@1.2.1
212 info install bindings@1.2.1
213 info postinstall bindings@1.2.1
214 verbose unlock done using /Users/0133233/.npm/_locks/bindings-62fde0df160a52ef.lock for /Users/0133233/node/homebase/node_modules/bcrypt/node_modules/bindings
215 silly gunzTarPerm extractEntry doc/script.md
216 silly gunzTarPerm modified mode [ 'doc/script.md', 436, 420 ]
217 silly gunzTarPerm extractEntry doc/string_bytes.md
218 silly gunzTarPerm modified mode [ 'doc/string_bytes.md', 436, 420 ]
219 silly gunzTarPerm extractEntry doc/v8_internals.md
220 silly gunzTarPerm modified mode [ 'doc/v8_internals.md', 436, 420 ]
221 silly gunzTarPerm extractEntry doc/v8_misc.md
222 silly gunzTarPerm modified mode [ 'doc/v8_misc.md', 436, 420 ]
223 silly gunzTarPerm extractEntry nan.h
224 silly gunzTarPerm modified mode [ 'nan.h', 436, 420 ]
225 silly gunzTarPerm extractEntry nan_callbacks.h
226 silly gunzTarPerm modified mode [ 'nan_callbacks.h', 436, 420 ]
227 silly gunzTarPerm extractEntry nan_callbacks_12_inl.h
228 silly gunzTarPerm modified mode [ 'nan_callbacks_12_inl.h', 436, 420 ]
229 silly gunzTarPerm extractEntry nan_callbacks_pre_12_inl.h
230 silly gunzTarPerm modified mode [ 'nan_callbacks_pre_12_inl.h', 436, 420 ]
231 silly gunzTarPerm extractEntry nan_converters_43_inl.h
232 silly gunzTarPerm modified mode [ 'nan_converters_43_inl.h', 436, 420 ]
233 silly gunzTarPerm extractEntry nan_converters_pre_43_inl.h
234 silly gunzTarPerm modified mode [ 'nan_converters_pre_43_inl.h', 436, 420 ]
235 silly gunzTarPerm extractEntry nan_implementation_12_inl.h
236 silly gunzTarPerm modified mode [ 'nan_implementation_12_inl.h', 436, 420 ]
237 silly gunzTarPerm extractEntry nan_implementation_pre_12_inl.h
238 silly gunzTarPerm modified mode [ 'nan_implementation_pre_12_inl.h', 436, 420 ]
239 silly gunzTarPerm extractEntry nan_maybe_43_inl.h
240 silly gunzTarPerm modified mode [ 'nan_maybe_43_inl.h', 436, 420 ]
241 silly gunzTarPerm extractEntry nan_maybe_pre_43_inl.h
242 silly gunzTarPerm modified mode [ 'nan_maybe_pre_43_inl.h', 436, 420 ]
243 silly gunzTarPerm extractEntry nan_new.h
244 silly gunzTarPerm modified mode [ 'nan_new.h', 436, 420 ]
245 silly gunzTarPerm extractEntry nan_object_wrap.h
246 silly gunzTarPerm modified mode [ 'nan_object_wrap.h', 436, 420 ]
247 silly gunzTarPerm extractEntry nan_persistent_12_inl.h
248 silly gunzTarPerm modified mode [ 'nan_persistent_12_inl.h', 436, 420 ]
249 silly gunzTarPerm extractEntry nan_persistent_pre_12_inl.h
250 silly gunzTarPerm modified mode [ 'nan_persistent_pre_12_inl.h', 436, 420 ]
251 silly gunzTarPerm extractEntry nan_string_bytes.h
252 silly gunzTarPerm modified mode [ 'nan_string_bytes.h', 436, 420 ]
253 silly gunzTarPerm extractEntry nan_typedarray_contents.h
254 silly gunzTarPerm modified mode [ 'nan_typedarray_contents.h', 436, 420 ]
255 silly gunzTarPerm extractEntry nan_weak.h
256 silly gunzTarPerm modified mode [ 'nan_weak.h', 436, 420 ]
257 silly gunzTarPerm extractEntry CHANGELOG.md
258 silly gunzTarPerm modified mode [ 'CHANGELOG.md', 436, 420 ]
259 silly gunzTarPerm extractEntry tools/package.json
260 silly gunzTarPerm modified mode [ 'tools/package.json', 436, 420 ]
261 silly gunzTarPerm extractEntry tools/README.md
262 silly gunzTarPerm modified mode [ 'tools/README.md', 436, 420 ]
263 silly gunzTarPerm extractEntry tools/1to2.js
264 silly gunzTarPerm modified mode [ 'tools/1to2.js', 509, 493 ]
265 verbose write writing to /Users/0133233/node/homebase/node_modules/bcrypt/node_modules/nan/package.json
266 info preinstall nan@2.3.5
267 verbose readDependencies loading dependencies from /Users/0133233/node/homebase/node_modules/bcrypt/node_modules/nan/package.json
268 verbose readDependencies loading dependencies from /Users/0133233/node/homebase/node_modules/bcrypt/node_modules/nan/package.json
269 silly install resolved []
270 verbose about to build /Users/0133233/node/homebase/node_modules/bcrypt/node_modules/nan
271 info build /Users/0133233/node/homebase/node_modules/bcrypt/node_modules/nan
272 info linkStuff nan@2.3.5
273 silly linkStuff nan@2.3.5 has /Users/0133233/node/homebase/node_modules/bcrypt/node_modules as its parent node_modules
274 verbose linkBins nan@2.3.5
275 verbose linkMans nan@2.3.5
276 verbose rebuildBundles nan@2.3.5
277 info install nan@2.3.5
278 info postinstall nan@2.3.5
279 verbose unlock done using /Users/0133233/.npm/_locks/nan-11eb3e9d88eb44c6.lock for /Users/0133233/node/homebase/node_modules/bcrypt/node_modules/nan
280 verbose about to build /Users/0133233/node/homebase/node_modules/bcrypt
281 info build /Users/0133233/node/homebase/node_modules/bcrypt
282 info linkStuff bcrypt@0.8.7
283 silly linkStuff bcrypt@0.8.7 has /Users/0133233/node/homebase/node_modules as its parent node_modules
284 verbose linkBins bcrypt@0.8.7
285 verbose linkMans bcrypt@0.8.7
286 verbose rebuildBundles bcrypt@0.8.7
287 verbose rebuildBundles [ 'bindings', 'nan' ]
288 info install bcrypt@0.8.7
289 verbose unsafe-perm in lifecycle false
290 info bcrypt@0.8.7 Failed to exec install script
291 verbose unlock done using /Users/0133233/.npm/_locks/bcrypt-097b685e8b2e9b35.lock for /Users/0133233/node/homebase/node_modules/bcrypt
292 verbose stack Error: bcrypt@0.8.7 install: `node-gyp rebuild`
292 verbose stack Exit status 1
292 verbose stack     at EventEmitter.<anonymous> (/usr/local/lib/node_modules/npm/lib/utils/lifecycle.js:214:16)
292 verbose stack     at emitTwo (events.js:87:13)
292 verbose stack     at EventEmitter.emit (events.js:172:7)
292 verbose stack     at ChildProcess.<anonymous> (/usr/local/lib/node_modules/npm/lib/utils/spawn.js:24:14)
292 verbose stack     at emitTwo (events.js:87:13)
292 verbose stack     at ChildProcess.emit (events.js:172:7)
292 verbose stack     at maybeClose (internal/child_process.js:818:16)
292 verbose stack     at Process.ChildProcess._handle.onexit (internal/child_process.js:211:5)
293 verbose pkgid bcrypt@0.8.7
294 verbose cwd /Users/0133233/node/homebase
295 error Darwin 15.6.0
296 error argv "/usr/local/bin/node" "/usr/local/bin/npm" "install" "bcrypt" "--save"
297 error node v4.2.4
298 error npm  v2.14.12
299 error code ELIFECYCLE
300 error bcrypt@0.8.7 install: `node-gyp rebuild`
300 error Exit status 1
301 error Failed at the bcrypt@0.8.7 install script 'node-gyp rebuild'.
301 error This is most likely a problem with the bcrypt package,
301 error not with npm itself.
301 error Tell the author that this fails on your system:
301 error     node-gyp rebuild
301 error You can get their info via:
301 error     npm owner ls bcrypt
301 error There is likely additional logging output above.
302 verbose exit [ 1, true ]
303 verbose unbuild node_modules/bcrypt
304 info preuninstall bcrypt@0.8.7
305 info uninstall bcrypt@0.8.7
306 verbose unbuild rmStuff bcrypt@0.8.7 from /Users/0133233/node/homebase/node_modules
307 info postuninstall bcrypt@0.8.7
308 silly gentlyRm /Users/0133233/node/homebase/node_modules/bcrypt is being purged from base /Users/0133233/node/homebase
309 verbose gentlyRm don't care about contents; nuking /Users/0133233/node/homebase/node_modules/bcrypt
310 silly vacuum-fs purging /Users/0133233/node/homebase/node_modules/bcrypt
311 silly vacuum-fs quitting because other entries in /Users/0133233/node/homebase/node_modules
